{
  "RSpec": {
    "coverage": {
      "/Users/Nicole/Documents/MakersAcademy/Week2/oyster_cards/spec/oystercard_spec.rb": [
        1,
        null,
        1,
        null,
        1,
        9,
        null,
        null,
        1,
        1,
        1,
        1,
        null,
        1,
        2,
        null,
        null,
        null,
        1,
        1,
        1,
        null,
        null,
        null,
        1,
        1,
        1,
        null,
        null,
        null,
        1,
        1,
        1,
        1,
        null,
        1,
        1,
        1,
        null,
        1,
        1,
        2,
        null,
        null,
        null,
        1,
        1,
        1,
        1,
        1,
        null,
        1,
        1,
        1,
        4,
        null,
        null,
        null
      ],
      "/Users/Nicole/Documents/MakersAcademy/Week2/oyster_cards/lib/oystercard.rb": [
        1,
        null,
        1,
        1,
        null,
        1,
        9,
        9,
        null,
        null,
        1,
        2,
        1,
        null,
        null,
        1,
        5,
        4,
        null,
        null,
        1,
        2,
        null,
        null,
        1,
        3,
        3,
        null,
        null,
        1,
        6,
        null,
        null,
        null
      ]
    },
    "timestamp": 1475511682
  }
}
